2015-08-14 21:26:29 - PHP Notice:  Undefined variable: category_id in F:\xampp\htdocs\catalog\view\theme\kids\template\product\search.tpl on line 26
2015-08-14 21:26:29 - PHP Notice:  Undefined variable: category_id in F:\xampp\htdocs\catalog\view\theme\kids\template\product\search.tpl on line 32
2015-08-14 21:26:29 - PHP Notice:  Undefined variable: category_id in F:\xampp\htdocs\catalog\view\theme\kids\template\product\search.tpl on line 32
2015-08-14 21:26:29 - PHP Notice:  Undefined variable: category_id in F:\xampp\htdocs\catalog\view\theme\kids\template\product\search.tpl on line 26
2015-08-14 21:26:29 - PHP Notice:  Undefined variable: category_id in F:\xampp\htdocs\catalog\view\theme\kids\template\product\search.tpl on line 32
2015-08-14 21:26:29 - PHP Notice:  Undefined variable: category_id in F:\xampp\htdocs\catalog\view\theme\kids\template\product\search.tpl on line 32
2015-08-14 21:26:29 - PHP Notice:  Undefined variable: category_id in F:\xampp\htdocs\catalog\view\theme\kids\template\product\search.tpl on line 26
2015-08-14 21:26:29 - PHP Notice:  Undefined variable: category_id in F:\xampp\htdocs\catalog\view\theme\kids\template\product\search.tpl on line 32
2015-08-14 21:26:29 - PHP Notice:  Undefined variable: category_id in F:\xampp\htdocs\catalog\view\theme\kids\template\product\search.tpl on line 32
2015-08-14 21:26:30 - PHP Notice:  Undefined variable: category_id in F:\xampp\htdocs\catalog\view\theme\kids\template\product\search.tpl on line 38
2015-08-14 21:26:30 - PHP Notice:  Undefined variable: category_id in F:\xampp\htdocs\catalog\view\theme\kids\template\product\search.tpl on line 38
2015-08-14 21:26:30 - PHP Notice:  Undefined variable: category_id in F:\xampp\htdocs\catalog\view\theme\kids\template\product\search.tpl on line 32
2015-08-14 21:26:30 - PHP Notice:  Undefined variable: category_id in F:\xampp\htdocs\catalog\view\theme\kids\template\product\search.tpl on line 32
2015-08-14 21:26:30 - PHP Notice:  Undefined variable: category_id in F:\xampp\htdocs\catalog\view\theme\kids\template\product\search.tpl on line 32
2015-08-14 21:26:30 - PHP Notice:  Undefined variable: category_id in F:\xampp\htdocs\catalog\view\theme\kids\template\product\search.tpl on line 26
2015-08-14 21:26:30 - PHP Notice:  Undefined variable: category_id in F:\xampp\htdocs\catalog\view\theme\kids\template\product\search.tpl on line 32
2015-08-14 21:26:30 - PHP Notice:  Undefined variable: category_id in F:\xampp\htdocs\catalog\view\theme\kids\template\product\search.tpl on line 32
2015-08-14 21:26:30 - PHP Notice:  Undefined variable: category_id in F:\xampp\htdocs\catalog\view\theme\kids\template\product\search.tpl on line 32
2015-08-14 21:26:30 - PHP Notice:  Undefined variable: category_id in F:\xampp\htdocs\catalog\view\theme\kids\template\product\search.tpl on line 32
2015-08-14 21:26:30 - PHP Notice:  Undefined variable: category_id in F:\xampp\htdocs\catalog\view\theme\kids\template\product\search.tpl on line 32
2015-08-14 21:26:30 - PHP Notice:  Undefined variable: category_id in F:\xampp\htdocs\catalog\view\theme\kids\template\product\search.tpl on line 32
2015-08-14 21:26:30 - PHP Notice:  Undefined variable: category_id in F:\xampp\htdocs\catalog\view\theme\kids\template\product\search.tpl on line 32
2015-08-14 21:26:30 - PHP Notice:  Undefined variable: category_id in F:\xampp\htdocs\catalog\view\theme\kids\template\product\search.tpl on line 32
2015-08-14 21:26:30 - PHP Notice:  Undefined variable: category_id in F:\xampp\htdocs\catalog\view\theme\kids\template\product\search.tpl on line 38
2015-08-14 21:26:30 - PHP Notice:  Undefined variable: category_id in F:\xampp\htdocs\catalog\view\theme\kids\template\product\search.tpl on line 32
2015-08-14 21:26:30 - PHP Notice:  Undefined variable: category_id in F:\xampp\htdocs\catalog\view\theme\kids\template\product\search.tpl on line 32
2015-08-14 21:26:30 - PHP Notice:  Undefined variable: category_id in F:\xampp\htdocs\catalog\view\theme\kids\template\product\search.tpl on line 32
2015-08-14 21:26:30 - PHP Notice:  Undefined variable: category_id in F:\xampp\htdocs\catalog\view\theme\kids\template\product\search.tpl on line 32
2015-08-14 21:26:30 - PHP Notice:  Undefined variable: category_id in F:\xampp\htdocs\catalog\view\theme\kids\template\product\search.tpl on line 32
2015-08-14 21:26:30 - PHP Notice:  Undefined variable: category_id in F:\xampp\htdocs\catalog\view\theme\kids\template\product\search.tpl on line 32
2015-08-14 21:26:30 - PHP Notice:  Undefined variable: category_id in F:\xampp\htdocs\catalog\view\theme\kids\template\product\search.tpl on line 32
2015-08-14 21:26:30 - PHP Notice:  Undefined variable: category_id in F:\xampp\htdocs\catalog\view\theme\kids\template\product\search.tpl on line 32
2015-08-14 21:26:30 - PHP Notice:  Undefined variable: category_id in F:\xampp\htdocs\catalog\view\theme\kids\template\product\search.tpl on line 32
2015-08-14 21:26:30 - PHP Notice:  Undefined variable: category_id in F:\xampp\htdocs\catalog\view\theme\kids\template\product\search.tpl on line 32
2015-08-16 9:07:25 - PHP Notice:  Undefined index: postcode in F:\xampp\htdocs\catalog\controller\account\register.php on line 410
2015-08-16 9:11:30 - PHP Notice:  Undefined index: postcode in F:\xampp\htdocs\catalog\controller\account\register.php on line 410
2015-08-16 9:12:27 - PHP Notice:  Undefined index: postcode in F:\xampp\htdocs\catalog\controller\account\register.php on line 410
2015-08-16 9:12:43 - PHP Notice:  Undefined index: postcode in F:\xampp\htdocs\catalog\controller\account\register.php on line 410
2015-08-16 9:13:28 - PHP Notice:  Undefined index: postcode in F:\xampp\htdocs\catalog\controller\account\register.php on line 410
2015-08-16 9:13:31 - PHP Notice:  Undefined index: postcode in F:\xampp\htdocs\catalog\controller\account\register.php on line 410
2015-08-16 9:13:44 - PHP Notice:  Undefined index: postcode in F:\xampp\htdocs\catalog\controller\account\register.php on line 410
2015-08-16 9:14:56 - PHP Notice:  Undefined index: postcode in F:\xampp\htdocs\catalog\controller\account\register.php on line 410
2015-08-16 9:19:58 - PHP Notice:  Undefined index: lastname in F:\xampp\htdocs\catalog\controller\account\register.php on line 358
2015-08-16 9:20:16 - PHP Notice:  Undefined index: lastname in F:\xampp\htdocs\catalog\controller\account\register.php on line 358
2015-08-16 10:02:02 - PHP Notice:  Undefined variable: entry_city in F:\xampp\htdocs\catalog\view\theme\kids\template\account\register.tpl on line 123
2015-08-16 10:02:47 - PHP Notice:  Undefined variable: entry_city in F:\xampp\htdocs\catalog\view\theme\kids\template\account\register.tpl on line 123
2015-08-16 10:03:21 - PHP Notice:  Undefined variable: entry_city in F:\xampp\htdocs\catalog\view\theme\kids\template\account\register.tpl on line 123
2015-08-16 10:03:45 - PHP Notice:  Undefined variable: entry_city in F:\xampp\htdocs\catalog\view\theme\kids\template\account\register.tpl on line 123
2015-08-16 10:05:19 - PHP Notice:  Undefined variable: entry_city in F:\xampp\htdocs\catalog\view\theme\kids\template\account\register.tpl on line 123
2015-08-16 10:05:23 - PHP Notice:  Undefined variable: entry_city in F:\xampp\htdocs\catalog\view\theme\kids\template\account\register.tpl on line 123
2015-08-16 10:05:49 - PHP Notice:  Undefined variable: entry_city in F:\xampp\htdocs\catalog\view\theme\kids\template\account\register.tpl on line 123
2015-08-16 10:06:02 - PHP Notice:  Undefined variable: entry_city in F:\xampp\htdocs\catalog\view\theme\kids\template\account\register.tpl on line 123
2015-08-16 10:06:05 - PHP Notice:  Undefined variable: entry_city in F:\xampp\htdocs\catalog\view\theme\kids\template\account\register.tpl on line 123
2015-08-16 10:06:10 - PHP Notice:  Undefined variable: entry_city in F:\xampp\htdocs\catalog\view\theme\kids\template\account\register.tpl on line 123
2015-08-16 10:06:10 - PHP Notice:  Undefined variable: entry_country in F:\xampp\htdocs\catalog\view\theme\kids\template\account\register.tpl on line 142
2015-08-16 10:06:10 - PHP Notice:  Undefined variable: entry_zone in F:\xampp\htdocs\catalog\view\theme\kids\template\account\register.tpl on line 158
2015-08-16 10:07:13 - PHP Notice:  Undefined variable: entry_city in F:\xampp\htdocs\catalog\view\theme\kids\template\account\register.tpl on line 123
2015-08-16 10:07:13 - PHP Notice:  Undefined variable: entry_country in F:\xampp\htdocs\catalog\view\theme\kids\template\account\register.tpl on line 142
2015-08-16 10:07:13 - PHP Notice:  Undefined variable: entry_zone in F:\xampp\htdocs\catalog\view\theme\kids\template\account\register.tpl on line 158
2015-08-16 10:07:56 - PHP Notice:  Undefined index: fax in F:\xampp\htdocs\catalog\model\account\customer.php on line 14
2015-08-16 10:07:56 - PHP Notice:  Undefined index: company in F:\xampp\htdocs\catalog\model\account\customer.php on line 18
2015-08-16 10:07:56 - PHP Notice:  Undefined index: company_id in F:\xampp\htdocs\catalog\model\account\customer.php on line 18
2015-08-16 10:13:18 - PHP Notice:  Undefined variable: entry_city in F:\xampp\htdocs\catalog\view\theme\kids\template\account\register.tpl on line 123
2015-08-16 10:13:18 - PHP Notice:  Undefined variable: entry_country in F:\xampp\htdocs\catalog\view\theme\kids\template\account\register.tpl on line 142
2015-08-16 10:13:18 - PHP Notice:  Undefined variable: entry_zone in F:\xampp\htdocs\catalog\view\theme\kids\template\account\register.tpl on line 158
2015-08-16 10:13:25 - PHP Notice:  Undefined variable: entry_city in F:\xampp\htdocs\catalog\view\theme\kids\template\account\register.tpl on line 123
2015-08-16 10:13:25 - PHP Notice:  Undefined variable: entry_country in F:\xampp\htdocs\catalog\view\theme\kids\template\account\register.tpl on line 142
2015-08-16 10:13:25 - PHP Notice:  Undefined variable: entry_zone in F:\xampp\htdocs\catalog\view\theme\kids\template\account\register.tpl on line 158
2015-08-16 10:21:03 - PHP Notice:  Undefined variable: entry_city in F:\xampp\htdocs\catalog\view\theme\kids\template\account\register.tpl on line 123
2015-08-16 10:21:03 - PHP Notice:  Undefined variable: entry_country in F:\xampp\htdocs\catalog\view\theme\kids\template\account\register.tpl on line 142
2015-08-16 10:21:03 - PHP Notice:  Undefined variable: entry_zone in F:\xampp\htdocs\catalog\view\theme\kids\template\account\register.tpl on line 158
2015-08-16 18:26:22 - PHP Notice:  Undefined variable: entry_city in F:\xampp\htdocs\catalog\view\theme\kids\template\account\register.tpl on line 123
2015-08-16 18:26:22 - PHP Notice:  Undefined variable: entry_country in F:\xampp\htdocs\catalog\view\theme\kids\template\account\register.tpl on line 142
2015-08-16 18:26:22 - PHP Notice:  Undefined variable: entry_zone in F:\xampp\htdocs\catalog\view\theme\kids\template\account\register.tpl on line 158
2015-08-16 18:26:58 - PHP Notice:  Undefined variable: entry_city in F:\xampp\htdocs\catalog\view\theme\kids\template\account\register.tpl on line 123
2015-08-16 18:26:58 - PHP Notice:  Undefined variable: entry_country in F:\xampp\htdocs\catalog\view\theme\kids\template\account\register.tpl on line 142
2015-08-16 18:26:58 - PHP Notice:  Undefined variable: entry_zone in F:\xampp\htdocs\catalog\view\theme\kids\template\account\register.tpl on line 158
